<?xml version="1.0" encoding="UTF-8"?>
<!-- Generated by org.testng.reporters.JUnitReportReporter -->
<testsuite hostname="LAPTOP-41VI2DO3" failures="0" tests="1" name="com.qa.maestroqa.test.test1" time="19.287" errors="0" timestamp="13 Sep 2021 19:31:36 GMT" skipped="0">
  <testcase classname="com.qa.maestroqa.test.test1" name="testing" time="19.287"/>
</testsuite> <!-- com.qa.maestroqa.test.test1 -->
