<?xml version="1.0" encoding="UTF-8"?>
<!-- Generated by org.testng.reporters.JUnitReportReporter -->
<testsuite hostname="LAPTOP-41VI2DO3" failures="0" tests="3" name="com.qa.maestroqa.test.NegativeTests" time="13.111" errors="0" timestamp="14 Sep 2021 03:27:15 GMT" skipped="0">
  <testcase classname="com.qa.maestroqa.test.NegativeTests" name="supportAgentTextBoxLeftBlankTest" time="4.708"/>
  <testcase classname="com.qa.maestroqa.test.NegativeTests" name="qaGradersIsLeftBlankTest" time="4.098"/>
  <testcase classname="com.qa.maestroqa.test.NegativeTests" name="cxTeamSizeIsLeftBlankTest" time="4.305"/>
</testsuite> <!-- com.qa.maestroqa.test.NegativeTests -->
